make.exe --dry-run --always-make --keep-going --print-directory
make.exe: Entering directory `d:/development/peanut'
echo Creating directories...
IF exist "bin/" (@echo Directory "bin" Already Exists!) else (mkdir bin)
echo Done.
 
echo D:/development/peanut/src/gfx/renderer.c...
clang -o D:/development/peanut/src/gfx/renderer.o -c D:/development/peanut/src/gfx/renderer.c -std=c11 -MD -g -Wall -Wextra -Wpedantic -Wstrict-aliasing -Wno-visibility -Wno-pointer-arith -Wno-newline-eof -Wno-unused-parameter -Wno-gnu-statement-expression -Wno-static-in-inline -Wno-gnu-compound-literal-initializer -Wno-gnu-zero-variadic-macro-arguments -Wno-missing-braces  -Wno-deprecated-declarations -D_DEBUG -D_CRT_SECURE_NO_WARNINGS -ID:/lib/cglm/include -ID:/lib/glad/include -ID:/lib/glfw/include -ID:/lib/stb -fbracket-depth=1024
 
echo D:/development/peanut/src/gfx/shader.c...
clang -o D:/development/peanut/src/gfx/shader.o -c D:/development/peanut/src/gfx/shader.c -std=c11 -MD -g -Wall -Wextra -Wpedantic -Wstrict-aliasing -Wno-visibility -Wno-pointer-arith -Wno-newline-eof -Wno-unused-parameter -Wno-gnu-statement-expression -Wno-static-in-inline -Wno-gnu-compound-literal-initializer -Wno-gnu-zero-variadic-macro-arguments -Wno-missing-braces  -Wno-deprecated-declarations -D_DEBUG -D_CRT_SECURE_NO_WARNINGS -ID:/lib/cglm/include -ID:/lib/glad/include -ID:/lib/glfw/include -ID:/lib/stb -fbracket-depth=1024
 
echo D:/development/peanut/src/gfx/texture.c...
clang -o D:/development/peanut/src/gfx/texture.o -c D:/development/peanut/src/gfx/texture.c -std=c11 -MD -g -Wall -Wextra -Wpedantic -Wstrict-aliasing -Wno-visibility -Wno-pointer-arith -Wno-newline-eof -Wno-unused-parameter -Wno-gnu-statement-expression -Wno-static-in-inline -Wno-gnu-compound-literal-initializer -Wno-gnu-zero-variadic-macro-arguments -Wno-missing-braces  -Wno-deprecated-declarations -D_DEBUG -D_CRT_SECURE_NO_WARNINGS -ID:/lib/cglm/include -ID:/lib/glad/include -ID:/lib/glfw/include -ID:/lib/stb -fbracket-depth=1024
 
echo D:/development/peanut/src/gfx/vao.c...
clang -o D:/development/peanut/src/gfx/vao.o -c D:/development/peanut/src/gfx/vao.c -std=c11 -MD -g -Wall -Wextra -Wpedantic -Wstrict-aliasing -Wno-visibility -Wno-pointer-arith -Wno-newline-eof -Wno-unused-parameter -Wno-gnu-statement-expression -Wno-static-in-inline -Wno-gnu-compound-literal-initializer -Wno-gnu-zero-variadic-macro-arguments -Wno-missing-braces  -Wno-deprecated-declarations -D_DEBUG -D_CRT_SECURE_NO_WARNINGS -ID:/lib/cglm/include -ID:/lib/glad/include -ID:/lib/glfw/include -ID:/lib/stb -fbracket-depth=1024
 
echo D:/development/peanut/src/gfx/vbo.c...
clang -o D:/development/peanut/src/gfx/vbo.o -c D:/development/peanut/src/gfx/vbo.c -std=c11 -MD -g -Wall -Wextra -Wpedantic -Wstrict-aliasing -Wno-visibility -Wno-pointer-arith -Wno-newline-eof -Wno-unused-parameter -Wno-gnu-statement-expression -Wno-static-in-inline -Wno-gnu-compound-literal-initializer -Wno-gnu-zero-variadic-macro-arguments -Wno-missing-braces  -Wno-deprecated-declarations -D_DEBUG -D_CRT_SECURE_NO_WARNINGS -ID:/lib/cglm/include -ID:/lib/glad/include -ID:/lib/glfw/include -ID:/lib/stb -fbracket-depth=1024
 
echo D:/development/peanut/src/gfx/window.c...
clang -o D:/development/peanut/src/gfx/window.o -c D:/development/peanut/src/gfx/window.c -std=c11 -MD -g -Wall -Wextra -Wpedantic -Wstrict-aliasing -Wno-visibility -Wno-pointer-arith -Wno-newline-eof -Wno-unused-parameter -Wno-gnu-statement-expression -Wno-static-in-inline -Wno-gnu-compound-literal-initializer -Wno-gnu-zero-variadic-macro-arguments -Wno-missing-braces  -Wno-deprecated-declarations -D_DEBUG -D_CRT_SECURE_NO_WARNINGS -ID:/lib/cglm/include -ID:/lib/glad/include -ID:/lib/glfw/include -ID:/lib/stb -fbracket-depth=1024
 
echo D:/development/peanut/src/ui/ui.c...
clang -o D:/development/peanut/src/ui/ui.o -c D:/development/peanut/src/ui/ui.c -std=c11 -MD -g -Wall -Wextra -Wpedantic -Wstrict-aliasing -Wno-visibility -Wno-pointer-arith -Wno-newline-eof -Wno-unused-parameter -Wno-gnu-statement-expression -Wno-static-in-inline -Wno-gnu-compound-literal-initializer -Wno-gnu-zero-variadic-macro-arguments -Wno-missing-braces  -Wno-deprecated-declarations -D_DEBUG -D_CRT_SECURE_NO_WARNINGS -ID:/lib/cglm/include -ID:/lib/glad/include -ID:/lib/glfw/include -ID:/lib/stb -fbracket-depth=1024
echo D:/development/peanut/src/util/camera.c...
clang -o D:/development/peanut/src/util/camera.o -c D:/development/peanut/src/util/camera.c -std=c11 -MD -g -Wall -Wextra -Wpedantic -Wstrict-aliasing -Wno-visibility -Wno-pointer-arith -Wno-newline-eof -Wno-unused-parameter -Wno-gnu-statement-expression -Wno-static-in-inline -Wno-gnu-compound-literal-initializer -Wno-gnu-zero-variadic-macro-arguments -Wno-missing-braces  -Wno-deprecated-declarations -D_DEBUG -D_CRT_SECURE_NO_WARNINGS -ID:/lib/cglm/include -ID:/lib/glad/include -ID:/lib/glfw/include -ID:/lib/stb -fbracket-depth=1024
echo D:/development/peanut/src/util/color.c...
clang -o D:/development/peanut/src/util/color.o -c D:/development/peanut/src/util/color.c -std=c11 -MD -g -Wall -Wextra -Wpedantic -Wstrict-aliasing -Wno-visibility -Wno-pointer-arith -Wno-newline-eof -Wno-unused-parameter -Wno-gnu-statement-expression -Wno-static-in-inline -Wno-gnu-compound-literal-initializer -Wno-gnu-zero-variadic-macro-arguments -Wno-missing-braces  -Wno-deprecated-declarations -D_DEBUG -D_CRT_SECURE_NO_WARNINGS -ID:/lib/cglm/include -ID:/lib/glad/include -ID:/lib/glfw/include -ID:/lib/stb -fbracket-depth=1024
 
echo D:/development/peanut/src/world/block.c...
clang -o D:/development/peanut/src/world/block.o -c D:/development/peanut/src/world/block.c -std=c11 -MD -g -Wall -Wextra -Wpedantic -Wstrict-aliasing -Wno-visibility -Wno-pointer-arith -Wno-newline-eof -Wno-unused-parameter -Wno-gnu-statement-expression -Wno-static-in-inline -Wno-gnu-compound-literal-initializer -Wno-gnu-zero-variadic-macro-arguments -Wno-missing-braces  -Wno-deprecated-declarations -D_DEBUG -D_CRT_SECURE_NO_WARNINGS -ID:/lib/cglm/include -ID:/lib/glad/include -ID:/lib/glfw/include -ID:/lib/stb -fbracket-depth=1024
 
echo D:/development/peanut/src/world/chunk.c...
clang -o D:/development/peanut/src/world/chunk.o -c D:/development/peanut/src/world/chunk.c -std=c11 -MD -g -Wall -Wextra -Wpedantic -Wstrict-aliasing -Wno-visibility -Wno-pointer-arith -Wno-newline-eof -Wno-unused-parameter -Wno-gnu-statement-expression -Wno-static-in-inline -Wno-gnu-compound-literal-initializer -Wno-gnu-zero-variadic-macro-arguments -Wno-missing-braces  -Wno-deprecated-declarations -D_DEBUG -D_CRT_SECURE_NO_WARNINGS -ID:/lib/cglm/include -ID:/lib/glad/include -ID:/lib/glfw/include -ID:/lib/stb -fbracket-depth=1024
 
echo D:/development/peanut/src/world/chunkmesh.c...
clang -o D:/development/peanut/src/world/chunkmesh.o -c D:/development/peanut/src/world/chunkmesh.c -std=c11 -MD -g -Wall -Wextra -Wpedantic -Wstrict-aliasing -Wno-visibility -Wno-pointer-arith -Wno-newline-eof -Wno-unused-parameter -Wno-gnu-statement-expression -Wno-static-in-inline -Wno-gnu-compound-literal-initializer -Wno-gnu-zero-variadic-macro-arguments -Wno-missing-braces  -Wno-deprecated-declarations -D_DEBUG -D_CRT_SECURE_NO_WARNINGS -ID:/lib/cglm/include -ID:/lib/glad/include -ID:/lib/glfw/include -ID:/lib/stb -fbracket-depth=1024
 
echo D:/development/peanut/src/world/sky.c...
clang -o D:/development/peanut/src/world/sky.o -c D:/development/peanut/src/world/sky.c -std=c11 -MD -g -Wall -Wextra -Wpedantic -Wstrict-aliasing -Wno-visibility -Wno-pointer-arith -Wno-newline-eof -Wno-unused-parameter -Wno-gnu-statement-expression -Wno-static-in-inline -Wno-gnu-compound-literal-initializer -Wno-gnu-zero-variadic-macro-arguments -Wno-missing-braces  -Wno-deprecated-declarations -D_DEBUG -D_CRT_SECURE_NO_WARNINGS -ID:/lib/cglm/include -ID:/lib/glad/include -ID:/lib/glfw/include -ID:/lib/stb -fbracket-depth=1024
 
echo D:/development/peanut/src/world/world.c...
clang -o D:/development/peanut/src/world/world.o -c D:/development/peanut/src/world/world.c -std=c11 -MD -g -Wall -Wextra -Wpedantic -Wstrict-aliasing -Wno-visibility -Wno-pointer-arith -Wno-newline-eof -Wno-unused-parameter -Wno-gnu-statement-expression -Wno-static-in-inline -Wno-gnu-compound-literal-initializer -Wno-gnu-zero-variadic-macro-arguments -Wno-missing-braces  -Wno-deprecated-declarations -D_DEBUG -D_CRT_SECURE_NO_WARNINGS -ID:/lib/cglm/include -ID:/lib/glad/include -ID:/lib/glfw/include -ID:/lib/stb -fbracket-depth=1024
 
echo D:/development/peanut/src/main.c...
clang -o D:/development/peanut/src/main.o -c D:/development/peanut/src/main.c -std=c11 -MD -g -Wall -Wextra -Wpedantic -Wstrict-aliasing -Wno-visibility -Wno-pointer-arith -Wno-newline-eof -Wno-unused-parameter -Wno-gnu-statement-expression -Wno-static-in-inline -Wno-gnu-compound-literal-initializer -Wno-gnu-zero-variadic-macro-arguments -Wno-missing-braces  -Wno-deprecated-declarations -D_DEBUG -D_CRT_SECURE_NO_WARNINGS -ID:/lib/cglm/include -ID:/lib/glad/include -ID:/lib/glfw/include -ID:/lib/stb -fbracket-depth=1024
echo Linking game...
clang -o bin/game.exe -g D:/development/peanut/src/gfx/renderer.o D:/development/peanut/src/gfx/shader.o D:/development/peanut/src/gfx/texture.o D:/development/peanut/src/gfx/vao.o D:/development/peanut/src/gfx/vbo.o D:/development/peanut/src/gfx/window.o D:/development/peanut/src/ui/ui.o D:/development/peanut/src/util/camera.o D:/development/peanut/src/util/color.o D:/development/peanut/src/world/block.o D:/development/peanut/src/world/chunk.o D:/development/peanut/src/world/chunkmesh.o D:/development/peanut/src/world/sky.o D:/development/peanut/src/world/world.o D:/development/peanut/src/main.o D:/lib/glad/src/glad.o D:/lib/cglm/build/Release/cglm.lib D:/lib/glfw/lib-vc2022/glfw3dll.lib
echo Done.
echo Deleting object files...
del /s src\*.o
del /s src\*.d
echo Done.
 
make.exe: Leaving directory `d:/development/peanut'
 
